# JRE version: OpenJDK Runtime Environment Corretto-17.0.15.6.1 (17.0.15+6) (build 17.0.15+6-LTS)
# Java VM: OpenJDK 64-Bit Server VM Corretto-17.0.15.6.1 (17.0.15+6-LTS, mixed mode, sharing, tiered, compressed oops, compressed class ptrs, g1 gc, windows-amd64)
GC Precious Log:
 CPUs: 8 total, 8 available
 Memory: 32702M
 Large Page Support: Disabled
 NUMA Support: Disabled
 Compressed Oops: Enabled (32-bit)
 Heap Region Size: 1M
 Heap Min Capacity: 256M
 Heap Initial Capacity: 256M
 Heap Max Capacity: 512M
 Pre-touch: Disabled
 Parallel Workers: 8
 Concurrent Workers: 2
 Concurrent Refinement Workers: 8
 Periodic GC: Disabled
Heap:
 garbage-first heap   total 319488K, used 196058K [0x00000000e0000000, 0x0000000100000000)
  region size 1024K, 32 young (32768K), 8 survivors (8192K)
 Metaspace       used 50343K, committed 51008K, reserved 393216K
  class space    used 7105K, committed 7424K, reserved 327680K
GC Heap History (20 events):
Event: 13.056 GC heap before
{Heap before GC invocations=9 (full 0):
 garbage-first heap   total 262144K, used 203750K [0x00000000e0000000, 0x0000000100000000)
  region size 1024K, 148 young (151552K), 14 survivors (14336K)
 Metaspace       used 48984K, committed 49600K, reserved 393216K
  class space    used 6981K, committed 7232K, reserved 327680K
}
Event: 13.062 GC heap after
{Heap after GC invocations=10 (full 0):
 garbage-first heap   total 262144K, used 73176K [0x00000000e0000000, 0x0000000100000000)
  region size 1024K, 13 young (13312K), 13 survivors (13312K)
 Metaspace       used 48984K, committed 49600K, reserved 393216K
  class space    used 6981K, committed 7232K, reserved 327680K
}
Event: 13.251 GC heap before
{Heap before GC invocations=10 (full 0):
 garbage-first heap   total 262144K, used 208344K [0x00000000e0000000, 0x0000000100000000)
  region size 1024K, 145 young (148480K), 13 survivors (13312K)
 Metaspace       used 48985K, committed 49600K, reserved 393216K
  class space    used 6981K, committed 7232K, reserved 327680K
}
Event: 13.257 GC heap after
{Heap after GC invocations=11 (full 0):
 garbage-first heap   total 262144K, used 79696K [0x00000000e0000000, 0x0000000100000000)
  region size 1024K, 15 young (15360K), 15 survivors (15360K)
 Metaspace       used 48985K, committed 49600K, reserved 393216K
  class space    used 6981K, committed 7232K, reserved 327680K
}
Event: 13.430 GC heap before
{Heap before GC invocations=11 (full 0):
 garbage-first heap   total 262144K, used 208720K [0x00000000e0000000, 0x0000000100000000)
  region size 1024K, 142 young (145408K), 15 survivors (15360K)
 Metaspace       used 49027K, committed 49600K, reserved 393216K
  class space    used 6981K, committed 7232K, reserved 327680K
}
Event: 13.436 GC heap after
{Heap after GC invocations=12 (full 0):
 garbage-first heap   total 262144K, used 84336K [0x00000000e0000000, 0x0000000100000000)
  region size 1024K, 13 young (13312K), 13 survivors (13312K)
 Metaspace       used 49027K, committed 49600K, reserved 393216K
  class space    used 6981K, committed 7232K, reserved 327680K
}
Event: 13.743 GC heap before
{Heap before GC invocations=12 (full 0):
 garbage-first heap   total 262144K, used 214384K [0x00000000e0000000, 0x0000000100000000)
  region size 1024K, 137 young (140288K), 13 survivors (13312K)
 Metaspace       used 49264K, committed 49792K, reserved 393216K
  class space    used 7010K, committed 7232K, reserved 327680K
}
Event: 13.757 GC heap after
{Heap after GC invocations=13 (full 0):
 garbage-first heap   total 265216K, used 118052K [0x00000000e0000000, 0x0000000100000000)
  region size 1024K, 18 young (18432K), 18 survivors (18432K)
 Metaspace       used 49264K, committed 49792K, reserved 393216K
  class space    used 7010K, committed 7232K, reserved 327680K
}
Event: 13.895 GC heap before
{Heap before GC invocations=13 (full 0):
 garbage-first heap   total 265216K, used 192804K [0x00000000e0000000, 0x0000000100000000)
  region size 1024K, 90 young (92160K), 18 survivors (18432K)
 Metaspace       used 49328K, committed 49920K, reserved 393216K
  class space    used 7015K, committed 7232K, reserved 327680K
}
Event: 13.915 GC heap after
{Heap after GC invocations=14 (full 0):
 garbage-first heap   total 265216K, used 152576K [0x00000000e0000000, 0x0000000100000000)
  region size 1024K, 12 young (12288K), 12 survivors (12288K)
 Metaspace       used 49328K, committed 49920K, reserved 393216K
  class space    used 7015K, committed 7232K, reserved 327680K
}
Event: 14.002 GC heap before
{Heap before GC invocations=14 (full 0):
 garbage-first heap   total 265216K, used 196608K [0x00000000e0000000, 0x0000000100000000)
  region size 1024K, 57 young (58368K), 12 survivors (12288K)
 Metaspace       used 49646K, committed 50240K, reserved 393216K
  class space    used 7048K, committed 7296K, reserved 327680K
}
Event: 14.016 GC heap after
{Heap after GC invocations=15 (full 0):
 garbage-first heap   total 265216K, used 171008K [0x00000000e0000000, 0x0000000100000000)
  region size 1024K, 8 young (8192K), 8 survivors (8192K)
 Metaspace       used 49646K, committed 50240K, reserved 393216K
  class space    used 7048K, committed 7296K, reserved 327680K
}
Event: 14.107 GC heap before
{Heap before GC invocations=15 (full 0):
 garbage-first heap   total 319488K, used 201728K [0x00000000e0000000, 0x0000000100000000)
  region size 1024K, 44 young (45056K), 8 survivors (8192K)
 Metaspace       used 50084K, committed 50816K, reserved 393216K
  class space    used 7098K, committed 7424K, reserved 327680K
}
Event: 14.115 GC heap after
{Heap after GC invocations=16 (full 0):
 garbage-first heap   total 319488K, used 177664K [0x00000000e0000000, 0x0000000100000000)
  region size 1024K, 6 young (6144K), 6 survivors (6144K)
 Metaspace       used 50084K, committed 50816K, reserved 393216K
  class space    used 7098K, committed 7424K, reserved 327680K
}
Event: 14.233 GC heap before
{Heap before GC invocations=17 (full 0):
 garbage-first heap   total 319488K, used 237056K [0x00000000e0000000, 0x0000000100000000)
  region size 1024K, 64 young (65536K), 6 survivors (6144K)
 Metaspace       used 50182K, committed 50816K, reserved 393216K
  class space    used 7105K, committed 7424K, reserved 327680K
}
Event: 14.239 GC heap after
{Heap after GC invocations=18 (full 0):
 garbage-first heap   total 319488K, used 186740K [0x00000000e0000000, 0x0000000100000000)
  region size 1024K, 8 young (8192K), 8 survivors (8192K)
 Metaspace       used 50182K, committed 50816K, reserved 393216K
  class space    used 7105K, committed 7424K, reserved 327680K
}
Event: 14.252 GC heap before
{Heap before GC invocations=18 (full 0):
 garbage-first heap   total 319488K, used 193908K [0x00000000e0000000, 0x0000000100000000)
  region size 1024K, 15 young (15360K), 8 survivors (8192K)
 Metaspace       used 50204K, committed 50880K, reserved 393216K
  class space    used 7105K, committed 7424K, reserved 327680K
}
Event: 14.260 GC heap after
{Heap after GC invocations=19 (full 0):
 garbage-first heap   total 319488K, used 171139K [0x00000000e0000000, 0x0000000100000000)
  region size 1024K, 2 young (2048K), 2 survivors (2048K)
 Metaspace       used 50204K, committed 50880K, reserved 393216K
  class space    used 7105K, committed 7424K, reserved 327680K
}
Event: 14.346 GC heap before
{Heap before GC invocations=19 (full 0):
 garbage-first heap   total 319488K, used 203907K [0x00000000e0000000, 0x0000000100000000)
  region size 1024K, 35 young (35840K), 2 survivors (2048K)
 Metaspace       used 50321K, committed 50944K, reserved 393216K
  class space    used 7105K, committed 7424K, reserved 327680K
}
Event: 14.351 GC heap after
{Heap after GC invocations=20 (full 0):
 garbage-first heap   total 319488K, used 177626K [0x00000000e0000000, 0x0000000100000000)
  region size 1024K, 8 young (8192K), 8 survivors (8192K)
 Metaspace       used 50321K, committed 50944K, reserved 393216K
  class space    used 7105K, committed 7424K, reserved 327680K
}

